
> luong-hoatho-project@0.1.0 lint
> eslint .


d:\HoaThoDienBan\LuongHoaThoNew\app\api\admin\import-dual-files\route.ts
  94:14  warning  '_error' is defined but never used  @typescript-eslint/no-unused-vars

d:\HoaThoDienBan\LuongHoaThoNew\app\api\admin\import-history\route.ts
   46:14  warning  '_error' is defined but never used  @typescript-eslint/no-unused-vars
  105:14  warning  '_error' is defined but never used  @typescript-eslint/no-unused-vars
  250:14  warning  '_error' is defined but never used  @typescript-eslint/no-unused-vars

d:\HoaThoDienBan\LuongHoaThoNew\app\api\admin\payroll-export\route.ts
  430:16  warning  'error' is defined but never used  @typescript-eslint/no-unused-vars
  489:16  warning  'error' is defined but never used  @typescript-eslint/no-unused-vars

d:\HoaThoDienBan\LuongHoaThoNew\app\api\admin\payroll\[id]\route.ts
  5:3  warning  'getDepartmentFilter' is defined but never used  @typescript-eslint/no-unused-vars
  6:3  warning  'getEmployeeFilter' is defined but never used    @typescript-eslint/no-unused-vars
  7:3  warning  'getAuditInfo' is defined but never used         @typescript-eslint/no-unused-vars
  8:8  warning  'AuthContext' is defined but never used          @typescript-eslint/no-unused-vars

d:\HoaThoDienBan\LuongHoaThoNew\app\api\admin\payroll\audit\[id]\route.ts
  75:21  warning  'tableCheck' is assigned a value but never used  @typescript-eslint/no-unused-vars

d:\HoaThoDienBan\LuongHoaThoNew\app\api\admin\setup-management-signatures\route.ts
  41:14  warning  'error' is defined but never used                @typescript-eslint/no-unused-vars
  43:23  warning  'testInsert' is assigned a value but never used  @typescript-eslint/no-unused-vars
  55:16  warning  'e' is defined but never used                    @typescript-eslint/no-unused-vars

d:\HoaThoDienBan\LuongHoaThoNew\app\api\admin\setup-new-positions\route.ts
  49:15  warning  'data' is assigned a value but never used  @typescript-eslint/no-unused-vars

d:\HoaThoDienBan\LuongHoaThoNew\app\api\admin\setup-test-passwords\route.ts
  46:15  warning  'data' is assigned a value but never used  @typescript-eslint/no-unused-vars

d:\HoaThoDienBan\LuongHoaThoNew\app\api\admin\sync-template\route.ts
  158:36  warning  'index' is defined but never used  @typescript-eslint/no-unused-vars

d:\HoaThoDienBan\LuongHoaThoNew\app\api\auth\change-password-with-cccd\route.ts
  222:19  warning  'updateResult' is assigned a value but never used  @typescript-eslint/no-unused-vars

d:\HoaThoDienBan\LuongHoaThoNew\app\api\debug\batch-ids\route.ts
  4:27  warning  'request' is defined but never used  @typescript-eslint/no-unused-vars

d:\HoaThoDienBan\LuongHoaThoNew\app\api\debug\verify-bulk-signature\route.ts
  116:17  warning  'data' is assigned a value but never used  @typescript-eslint/no-unused-vars

d:\HoaThoDienBan\LuongHoaThoNew\app\api\employee\lookup\route.ts
  81:11  warning  'payrollType' is assigned a value but never used  @typescript-eslint/no-unused-vars

d:\HoaThoDienBan\LuongHoaThoNew\app\api\management-signature\route.ts
  152:14  warning  'error' is defined but never used  @typescript-eslint/no-unused-vars
  216:14  warning  'error' is defined but never used  @typescript-eslint/no-unused-vars

d:\HoaThoDienBan\LuongHoaThoNew\app\api\signature-history\route.ts
  128:14  warning  'error' is defined but never used  @typescript-eslint/no-unused-vars

d:\HoaThoDienBan\LuongHoaThoNew\app\api\signature-progress\[month]\route.ts
  112:14  warning  'error' is defined but never used  @typescript-eslint/no-unused-vars
  154:14  warning  'error' is defined but never used  @typescript-eslint/no-unused-vars

d:\HoaThoDienBan\LuongHoaThoNew\app\api\signature-status\[month]\route.ts
   96:11  warning  'payrollType' is assigned a value but never used  @typescript-eslint/no-unused-vars
  125:14  warning  'error' is defined but never used                 @typescript-eslint/no-unused-vars

d:\HoaThoDienBan\LuongHoaThoNew\app\employee\lookup\salary-history-modal.tsx
  22:10  warning  'Badge' is defined but never used  @typescript-eslint/no-unused-vars

d:\HoaThoDienBan\LuongHoaThoNew\app\test-roles\page.tsx
  14:3  warning  'Shield' is defined but never used  @typescript-eslint/no-unused-vars

d:\HoaThoDienBan\LuongHoaThoNew\components\AdvancedConflictResolver.tsx
  28:3  warning  'AlertTriangle' is defined but never used  @typescript-eslint/no-unused-vars
  30:3  warning  'ArrowRight' is defined but never used     @typescript-eslint/no-unused-vars
  31:3  warning  'Settings' is defined but never used       @typescript-eslint/no-unused-vars

d:\HoaThoDienBan\LuongHoaThoNew\components\BatchErrorResolution.tsx
  23:3  warning  'AlertTriangle' is defined but never used  @typescript-eslint/no-unused-vars
  29:3  warning  'Upload' is defined but never used         @typescript-eslint/no-unused-vars

d:\HoaThoDienBan\LuongHoaThoNew\components\DepartmentDetailModal.tsx
   41:3   warning  'PaginationEllipsis' is defined but never used  @typescript-eslint/no-unused-vars
   54:3   warning  'Eye' is defined but never used                 @typescript-eslint/no-unused-vars
  683:39  warning  'index' is defined but never used               @typescript-eslint/no-unused-vars

d:\HoaThoDienBan\LuongHoaThoNew\components\EmployeeListModal.tsx
  25:3  warning  'Filter' is defined but never used  @typescript-eslint/no-unused-vars

d:\HoaThoDienBan\LuongHoaThoNew\components\EmployeeManagementModal.tsx
  209:13  warning  'result' is assigned a value but never used  @typescript-eslint/no-unused-vars

d:\HoaThoDienBan\LuongHoaThoNew\components\ImportHistoryViewer.tsx
  16:10  warning  'Tabs' is defined but never used              @typescript-eslint/no-unused-vars
  16:16  warning  'TabsContent' is defined but never used       @typescript-eslint/no-unused-vars
  16:29  warning  'TabsList' is defined but never used          @typescript-eslint/no-unused-vars
  16:39  warning  'TabsTrigger' is defined but never used       @typescript-eslint/no-unused-vars
  30:3   warning  'FileSpreadsheet' is defined but never used   @typescript-eslint/no-unused-vars
  32:3   warning  'Download' is defined but never used          @typescript-eslint/no-unused-vars
  90:16  warning  'setPage' is assigned a value but never used  @typescript-eslint/no-unused-vars

d:\HoaThoDienBan\LuongHoaThoNew\components\ManagerDashboard.tsx
  196:14  warning  'error' is defined but never used  @typescript-eslint/no-unused-vars

d:\HoaThoDienBan\LuongHoaThoNew\components\OverviewModal.tsx
  55:3  warning  'transformPayrollRecordToResult' is defined but never used  @typescript-eslint/no-unused-vars

d:\HoaThoDienBan\LuongHoaThoNew\components\SupervisorDashboard.tsx
  39:3  warning  'Calendar' is defined but never used  @typescript-eslint/no-unused-vars
  42:3  warning  'Gift' is defined but never used      @typescript-eslint/no-unused-vars

d:\HoaThoDienBan\LuongHoaThoNew\components\admin\BulkSignatureDialog.tsx
   13:10  warning  'Badge' is defined but never used             @typescript-eslint/no-unused-vars
   16:3   warning  'showSuccessToast' is defined but never used  @typescript-eslint/no-unused-vars
   90:14  warning  'err' is defined but never used               @typescript-eslint/no-unused-vars
  133:14  warning  'err' is defined but never used               @typescript-eslint/no-unused-vars

d:\HoaThoDienBan\LuongHoaThoNew\components\admin\HighPrecisionDemo.tsx
  18:3  warning  'formatHighPrecisionNumber' is defined but never used  @typescript-eslint/no-unused-vars
  20:3  warning  'formatCoefficient' is defined but never used          @typescript-eslint/no-unused-vars
  21:3  warning  'formatTimeValue' is defined but never used            @typescript-eslint/no-unused-vars
  23:3  warning  'validateDecimal15_10' is defined but never used       @typescript-eslint/no-unused-vars

d:\HoaThoDienBan\LuongHoaThoNew\components\admin\admin-header.tsx
   4:10  warning  'Menu' is defined but never used        @typescript-eslint/no-unused-vars
  23:26  warning  'useSidebar' is defined but never used  @typescript-eslint/no-unused-vars

d:\HoaThoDienBan\LuongHoaThoNew\components\admin\data-table-toolbar.tsx
  3:10  warning  'useState' is defined but never used  @typescript-eslint/no-unused-vars

d:\HoaThoDienBan\LuongHoaThoNew\components\advanced-salary-import.tsx
   30:3   warning  'Save' is defined but never used                               @typescript-eslint/no-unused-vars
   42:3   warning  'autoMapColumnsWithAliases' is defined but never used          @typescript-eslint/no-unused-vars
   46:8   warning  'EnhancedColumnMapping' is defined but never used              @typescript-eslint/no-unused-vars
   51:3   warning  'EnhancedImportValidator' is defined but never used            @typescript-eslint/no-unused-vars
   76:10  warning  'aliases' is assigned a value but never used                   @typescript-eslint/no-unused-vars
   76:19  warning  'setAliases' is assigned a value but never used                @typescript-eslint/no-unused-vars
   77:10  warning  'validationResult' is assigned a value but never used          @typescript-eslint/no-unused-vars
   77:28  warning  'setValidationResult' is assigned a value but never used       @typescript-eslint/no-unused-vars
   79:10  warning  'enhancedMappingResult' is assigned a value but never used     @typescript-eslint/no-unused-vars
   79:33  warning  'setEnhancedMappingResult' is assigned a value but never used  @typescript-eslint/no-unused-vars
   84:10  warning  'showSaveConfigDialog' is assigned a value but never used      @typescript-eslint/no-unused-vars
   84:32  warning  'setShowSaveConfigDialog' is assigned a value but never used   @typescript-eslint/no-unused-vars
   96:16  warning  'configLoading' is assigned a value but never used             @typescript-eslint/no-unused-vars
   97:12  warning  'configError' is assigned a value but never used               @typescript-eslint/no-unused-vars
  102:5   warning  'configById' is assigned a value but never used                @typescript-eslint/no-unused-vars

d:\HoaThoDienBan\LuongHoaThoNew\components\column-mapping-dialog.tsx
   17:10  warning  'Progress' is defined but never used                     @typescript-eslint/no-unused-vars
   25:3   warning  'Save' is defined but never used                         @typescript-eslint/no-unused-vars
   51:3   warning  'CONFIDENCE_LEVELS' is defined but never used            @typescript-eslint/no-unused-vars
   52:3   warning  'categorizeMappingConfidence' is defined but never used  @typescript-eslint/no-unused-vars
  232:9   warning  'getConfidenceIcon' is assigned a value but never used   @typescript-eslint/no-unused-vars

d:\HoaThoDienBan\LuongHoaThoNew\components\column-mapping-manager.tsx
  41:8  warning  'PayrollFieldDefinition' is defined but never used  @typescript-eslint/no-unused-vars

d:\HoaThoDienBan\LuongHoaThoNew\components\debug\DepartmentDebugInfo.tsx
   9:3  warning  'CardDescription' is defined but never used  @typescript-eslint/no-unused-vars
  21:3  warning  'Eye' is defined but never used              @typescript-eslint/no-unused-vars

d:\HoaThoDienBan\LuongHoaThoNew\components\department\DepartmentDetailModalRefactored.tsx
  219:13  warning  'cacheKey' is assigned a value but never used  @typescript-eslint/no-unused-vars

d:\HoaThoDienBan\LuongHoaThoNew\components\employee-import-section.tsx
  92:14  warning  'error' is defined but never used  @typescript-eslint/no-unused-vars

d:\HoaThoDienBan\LuongHoaThoNew\components\error-boundary.tsx
  64:18  warning  'e' is defined but never used  @typescript-eslint/no-unused-vars
  67:16  warning  'e' is defined but never used  @typescript-eslint/no-unused-vars

d:\HoaThoDienBan\LuongHoaThoNew\components\export-configuration-dialog.tsx
  39:3   warning  'CheckCircle' is defined but never used              @typescript-eslint/no-unused-vars
  41:3   warning  'Info' is defined but never used                     @typescript-eslint/no-unused-vars
  42:3   warning  'Calendar' is defined but never used                 @typescript-eslint/no-unused-vars
  47:15  warning  'MappingConfiguration' is defined but never used     @typescript-eslint/no-unused-vars
  80:10  warning  'showPreview' is assigned a value but never used     @typescript-eslint/no-unused-vars
  80:23  warning  'setShowPreview' is assigned a value but never used  @typescript-eslint/no-unused-vars
  83:42  warning  'isLoading' is assigned a value but never used       @typescript-eslint/no-unused-vars
  84:11  warning  'mapHeaders' is assigned a value but never used      @typescript-eslint/no-unused-vars

d:\HoaThoDienBan\LuongHoaThoNew\components\mapping-config-override-dialog.tsx
    8:3   warning  'CardDescription' is defined but never used                 @typescript-eslint/no-unused-vars
   16:3   warning  'Select' is defined but never used                          @typescript-eslint/no-unused-vars
   17:3   warning  'SelectContent' is defined but never used                   @typescript-eslint/no-unused-vars
   18:3   warning  'SelectItem' is defined but never used                      @typescript-eslint/no-unused-vars
   19:3   warning  'SelectTrigger' is defined but never used                   @typescript-eslint/no-unused-vars
   20:3   warning  'SelectValue' is defined but never used                     @typescript-eslint/no-unused-vars
   24:10  warning  'Separator' is defined but never used                       @typescript-eslint/no-unused-vars
   39:3   warning  'Settings' is defined but never used                        @typescript-eslint/no-unused-vars
   44:3   warning  'Copy' is defined but never used                            @typescript-eslint/no-unused-vars
   46:3   warning  'CheckCircle' is defined but never used                     @typescript-eslint/no-unused-vars
   47:3   warning  'Info' is defined but never used                            @typescript-eslint/no-unused-vars
   56:3   warning  'FieldMapping' is defined but never used                    @typescript-eslint/no-unused-vars
   73:3   warning  'detectedColumns' is assigned a value but never used        @typescript-eslint/no-unused-vars
   94:5   warning  'defaultConfig' is assigned a value but never used          @typescript-eslint/no-unused-vars
   95:5   warning  'isLoading' is assigned a value but never used              @typescript-eslint/no-unused-vars
   96:5   warning  'error' is assigned a value but never used                  @typescript-eslint/no-unused-vars
   97:5   warning  'saveConfiguration' is assigned a value but never used      @typescript-eslint/no-unused-vars
  101:5   warning  'configById' is assigned a value but never used             @typescript-eslint/no-unused-vars
  104:11  warning  'validateConfiguration' is assigned a value but never used  @typescript-eslint/no-unused-vars

d:\HoaThoDienBan\LuongHoaThoNew\components\signature\SignatureProgressCard.tsx
  12:3  warning  'TrendingUp' is defined but never used   @typescript-eslint/no-unused-vars
  13:3  warning  'AlertCircle' is defined but never used  @typescript-eslint/no-unused-vars

d:\HoaThoDienBan\LuongHoaThoNew\components\ui\calendar.tsx
  57:25  warning  'props' is defined but never used  @typescript-eslint/no-unused-vars
  58:26  warning  'props' is defined but never used  @typescript-eslint/no-unused-vars

d:\HoaThoDienBan\LuongHoaThoNew\components\ui\chart.tsx
  72:7  warning  '_' is defined but never used  @typescript-eslint/no-unused-vars

d:\HoaThoDienBan\LuongHoaThoNew\components\ui\hover-dropdown-menu.tsx
  3:28  warning  'ReactNode' is defined but never used  @typescript-eslint/no-unused-vars

d:\HoaThoDienBan\LuongHoaThoNew\components\ui\import-export-widgets.tsx
  12:3  warning  'Download' is defined but never used  @typescript-eslint/no-unused-vars

d:\HoaThoDienBan\LuongHoaThoNew\components\ui\use-toast.ts
  18:7  warning  'actionTypes' is assigned a value but only used as a type  @typescript-eslint/no-unused-vars

d:\HoaThoDienBan\LuongHoaThoNew\hooks\use-mobile.ts
  83:61  warning  Unexpected any. Specify a different type  @typescript-eslint/no-explicit-any

d:\HoaThoDienBan\LuongHoaThoNew\hooks\use-toast.ts
  18:7  warning  'actionTypes' is assigned a value but only used as a type  @typescript-eslint/no-unused-vars

d:\HoaThoDienBan\LuongHoaThoNew\lib\advanced-excel-parser.ts
   6:8  warning  'MappingConflict' is defined but never used              @typescript-eslint/no-unused-vars
   9:3  warning  'calculateConfidenceScore' is defined but never used     @typescript-eslint/no-unused-vars
  10:3  warning  'categorizeMappingConfidence' is defined but never used  @typescript-eslint/no-unused-vars

d:\HoaThoDienBan\LuongHoaThoNew\lib\attendance-parser.ts
  122:43  warning  Unnecessary escape character: \/  no-useless-escape
  127:37  warning  Unnecessary escape character: \/  no-useless-escape

d:\HoaThoDienBan\LuongHoaThoNew\lib\cache\mapping-config-cache.ts
  8:3  warning  'FieldMapping' is defined but never used  @typescript-eslint/no-unused-vars

d:\HoaThoDienBan\LuongHoaThoNew\lib\employee-parser.ts
  28:3  warning  'filename' is defined but never used  @typescript-eslint/no-unused-vars

d:\HoaThoDienBan\LuongHoaThoNew\lib\enhanced-import-validation.ts
  8:8  warning  'MappingConflict' is defined but never used  @typescript-eslint/no-unused-vars

d:\HoaThoDienBan\LuongHoaThoNew\lib\hooks\use-header-mapping.ts
  81:11  warning  'configurations' is assigned a value but never used  @typescript-eslint/no-unused-vars

d:\HoaThoDienBan\LuongHoaThoNew\lib\hooks\use-mapping-config.ts
  13:3  warning  'FieldMapping' is defined but never used  @typescript-eslint/no-unused-vars

d:\HoaThoDienBan\LuongHoaThoNew\lib\hooks\useImportPreview.ts
  36:14  warning  'err' is defined but never used  @typescript-eslint/no-unused-vars

d:\HoaThoDienBan\LuongHoaThoNew\lib\management-signature-utils.ts
  169:14  warning  'error' is defined but never used  @typescript-eslint/no-unused-vars
  215:14  warning  'error' is defined but never used  @typescript-eslint/no-unused-vars

d:\HoaThoDienBan\LuongHoaThoNew\lib\security-middleware.ts
  3:10  warning  'headers' is defined but never used  @typescript-eslint/no-unused-vars

d:\HoaThoDienBan\LuongHoaThoNew\lib\stores\mapping-config-store.ts
   12:3  warning  'FieldMapping' is defined but never used  @typescript-eslint/no-unused-vars
  530:9  warning  Unnecessary try/catch wrapper             no-useless-catch

d:\HoaThoDienBan\LuongHoaThoNew\public\create-simple-favicon.js
  4:10  warning  'createSimpleFavicon' is defined but never used  @typescript-eslint/no-unused-vars

d:\HoaThoDienBan\LuongHoaThoNew\scripts\create-admin-user.js
   62:19  warning  'tables' is assigned a value but never used  @typescript-eslint/no-unused-vars
  108:13  warning  'data' is assigned a value but never used    @typescript-eslint/no-unused-vars

d:\HoaThoDienBan\LuongHoaThoNew\utils\departmentCache.ts
   5:9   warning  Unexpected any. Specify a different type  @typescript-eslint/no-explicit-any
  34:11  warning  Unexpected any. Specify a different type  @typescript-eslint/no-explicit-any
  66:63  warning  Unexpected any. Specify a different type  @typescript-eslint/no-explicit-any

d:\HoaThoDienBan\LuongHoaThoNew\utils\supabase\middleware.ts
  18:48  warning  'options' is defined but never used        @typescript-eslint/no-unused-vars
  37:13  warning  'user' is assigned a value but never used  @typescript-eslint/no-unused-vars

✖ 150 problems (0 errors, 150 warnings)

